INFO: [VRFC 10-2263] Analyzing Verilog file "C:/Users/Noman Traders/Desktop/habib/CA/RISC-V-pipelined-processor/task_1/sources/ALU_64_bit.v" into library xil_defaultlib
INFO: [VRFC 10-311] analyzing module ALU_64_bit
INFO: [VRFC 10-2263] Analyzing Verilog file "C:/Users/Noman Traders/Desktop/habib/CA/RISC-V-pipelined-processor/task_1/sources/ALU_control.v" into library xil_defaultlib
INFO: [VRFC 10-311] analyzing module ALU_control
INFO: [VRFC 10-2263] Analyzing Verilog file "C:/Users/Noman Traders/Desktop/habib/CA/RISC-V-pipelined-processor/task_1/sources/Adder.v" into library xil_defaultlib
INFO: [VRFC 10-311] analyzing module Adder
INFO: [VRFC 10-2263] Analyzing Verilog file "C:/Users/Noman Traders/Desktop/habib/CA/RISC-V-pipelined-processor/task_1/sources/Branch_unit.v" into library xil_defaultlib
INFO: [VRFC 10-311] analyzing module Branch_unit
INFO: [VRFC 10-2263] Analyzing Verilog file "C:/Users/Noman Traders/Desktop/habib/CA/RISC-V-pipelined-processor/task_1/sources/Data_Memory.v" into library xil_defaultlib
INFO: [VRFC 10-311] analyzing module Data_Memory
INFO: [VRFC 10-2263] Analyzing Verilog file "C:/Users/Noman Traders/Desktop/habib/CA/RISC-V-pipelined-processor/task_1/sources/Instruction_Memory.v" into library xil_defaultlib
INFO: [VRFC 10-311] analyzing module Instruction_Memory
INFO: [VRFC 10-2263] Analyzing Verilog file "C:/Users/Noman Traders/Desktop/habib/CA/RISC-V-pipelined-processor/task_1/sources/Program_counter.v" into library xil_defaultlib
INFO: [VRFC 10-311] analyzing module Program_Counter
INFO: [VRFC 10-2263] Analyzing Verilog file "C:/Users/Noman Traders/Desktop/habib/CA/RISC-V-pipelined-processor/task_1/sources/RISC_V_Processor.v" into library xil_defaultlib
INFO: [VRFC 10-311] analyzing module RISC_V_Processor
INFO: [VRFC 10-2263] Analyzing Verilog file "C:/Users/Noman Traders/Desktop/habib/CA/RISC-V-pipelined-processor/task_1/sources/control_unit.v" into library xil_defaultlib
INFO: [VRFC 10-311] analyzing module control_unit
INFO: [VRFC 10-2263] Analyzing Verilog file "C:/Users/Noman Traders/Desktop/habib/CA/RISC-V-pipelined-processor/task_1/sources/immediate_data_extractor.v" into library xil_defaultlib
INFO: [VRFC 10-311] analyzing module immediate_data_extractor
INFO: [VRFC 10-2263] Analyzing Verilog file "C:/Users/Noman Traders/Desktop/habib/CA/RISC-V-pipelined-processor/task_1/sources/instruction_parser.v" into library xil_defaultlib
INFO: [VRFC 10-311] analyzing module instruction_parser
INFO: [VRFC 10-2263] Analyzing Verilog file "C:/Users/Noman Traders/Desktop/habib/CA/RISC-V-pipelined-processor/task_1/sources/mux.v" into library xil_defaultlib
INFO: [VRFC 10-311] analyzing module mux
INFO: [VRFC 10-2263] Analyzing Verilog file "C:/Users/Noman Traders/Desktop/habib/CA/RISC-V-pipelined-processor/task_1/sources/registerFile.v" into library xil_defaultlib
INFO: [VRFC 10-311] analyzing module registerFile
INFO: [VRFC 10-2263] Analyzing Verilog file "C:/Users/Noman Traders/Desktop/habib/CA/RISC-V-pipelined-processor/task_1/simulation/RISC_V_tb.v" into library xil_defaultlib
INFO: [VRFC 10-311] analyzing module RISC_V_tb
INFO: [VRFC 10-2263] Analyzing Verilog file "C:/Users/Noman Traders/Desktop/habib/CA/RISC-V-pipelined-processor/task_1/single_cycle_bubblesort/project_1/project_1.sim/sim_1/behav/xsim/glbl.v" into library xil_defaultlib
INFO: [VRFC 10-311] analyzing module glbl
