Vivado Simulator 2020.1
Copyright 1986-1999, 2001-2020 Xilinx, Inc. All Rights Reserved.
Running: C:/Xilinx/Vivado/2020.1/bin/unwrapped/win64.o/xelab.exe -wto a5ae136c5e6e44d4b2d1a6d3cbd9fce8 --incr --debug typical --relax --mt 2 -L xil_defaultlib -L unisims_ver -L unimacro_ver -L secureip --snapshot RISC_V_tb_behav xil_defaultlib.RISC_V_tb xil_defaultlib.glbl -log elaborate.log 
Using 2 slave threads.
Starting static elaboration
Pass Through NonSizing Optimizer
Completed static elaboration
Starting simulation data flow analysis
Completed simulation data flow analysis
Time Resolution for simulation is 1ps
Compiling module xil_defaultlib.Adder
Compiling module xil_defaultlib.mux
Compiling module xil_defaultlib.Program_Counter
Compiling module xil_defaultlib.Instruction_Memory
Compiling module xil_defaultlib.instruction_parser
Compiling module xil_defaultlib.immediate_data_extractor
Compiling module xil_defaultlib.control_unit
Compiling module xil_defaultlib.registerFile
Compiling module xil_defaultlib.Branch_unit
Compiling module xil_defaultlib.ALU_control
Compiling module xil_defaultlib.ALU_64_bit
Compiling module xil_defaultlib.Data_Memory
Compiling module xil_defaultlib.RISC_V_Processor
Compiling module xil_defaultlib.RISC_V_tb
Compiling module xil_defaultlib.glbl
Built simulation snapshot RISC_V_tb_behav
