INFO: [VRFC 10-2263] Analyzing Verilog file "C:/Users/Noman Traders/Desktop/habib/CA/RISC-V-pipelined-processor/CA Lab/CA Lab.srcs/sources_1/new/ALU_64_bit.v" into library xil_defaultlib
INFO: [VRFC 10-311] analyzing module ALU_64_bit
INFO: [VRFC 10-2263] Analyzing Verilog file "C:/Users/Noman Traders/Desktop/habib/CA/RISC-V-pipelined-processor/CA Lab/CA Lab.srcs/sources_1/new/ALU_control.v" into library xil_defaultlib
INFO: [VRFC 10-311] analyzing module ALU_control
INFO: [VRFC 10-2263] Analyzing Verilog file "C:/Users/Noman Traders/Desktop/habib/CA/RISC-V-pipelined-processor/CA Lab/CA Lab.srcs/sources_1/new/Adder.v" into library xil_defaultlib
INFO: [VRFC 10-311] analyzing module Adder
INFO: [VRFC 10-2263] Analyzing Verilog file "C:/Users/Noman Traders/Desktop/habib/CA/RISC-V-pipelined-processor/CA Lab/CA Lab.srcs/sources_1/new/Branch_unit.v" into library xil_defaultlib
INFO: [VRFC 10-311] analyzing module Branch_unit
INFO: [VRFC 10-2263] Analyzing Verilog file "C:/Users/Noman Traders/Desktop/habib/CA/RISC-V-pipelined-processor/CA Lab/CA Lab.srcs/sources_1/new/Data_Memory.v" into library xil_defaultlib
INFO: [VRFC 10-311] analyzing module Data_Memory
INFO: [VRFC 10-2263] Analyzing Verilog file "C:/Users/Noman Traders/Desktop/habib/CA/RISC-V-pipelined-processor/CA Lab/CA Lab.srcs/sources_1/new/EX_MEM.v" into library xil_defaultlib
INFO: [VRFC 10-311] analyzing module EX_MEM
INFO: [VRFC 10-2263] Analyzing Verilog file "C:/Users/Noman Traders/Desktop/habib/CA/RISC-V-pipelined-processor/CA Lab/CA Lab.srcs/sources_1/new/Hazard_detection_unit.v" into library xil_defaultlib
INFO: [VRFC 10-311] analyzing module Hazard_detection_unit
INFO: [VRFC 10-2263] Analyzing Verilog file "C:/Users/Noman Traders/Desktop/habib/CA/RISC-V-pipelined-processor/CA Lab/CA Lab.srcs/sources_1/new/ID_EX.v" into library xil_defaultlib
INFO: [VRFC 10-311] analyzing module ID_EX
INFO: [VRFC 10-2263] Analyzing Verilog file "C:/Users/Noman Traders/Desktop/habib/CA/RISC-V-pipelined-processor/CA Lab/CA Lab.srcs/sources_1/new/IF_ID.v" into library xil_defaultlib
INFO: [VRFC 10-311] analyzing module IF_ID
INFO: [VRFC 10-2263] Analyzing Verilog file "C:/Users/Noman Traders/Desktop/habib/CA/RISC-V-pipelined-processor/CA Lab/CA Lab.srcs/sources_1/new/Instruction_Memory.v" into library xil_defaultlib
INFO: [VRFC 10-311] analyzing module Instruction_Memory
INFO: [VRFC 10-2263] Analyzing Verilog file "C:/Users/Noman Traders/Desktop/habib/CA/RISC-V-pipelined-processor/CA Lab/CA Lab.srcs/sources_1/new/MEM_WB.v" into library xil_defaultlib
INFO: [VRFC 10-311] analyzing module MEM_WB
INFO: [VRFC 10-2263] Analyzing Verilog file "C:/Users/Noman Traders/Desktop/habib/CA/RISC-V-pipelined-processor/CA Lab/CA Lab.srcs/sources_1/new/Program_counter.v" into library xil_defaultlib
INFO: [VRFC 10-311] analyzing module Program_Counter
INFO: [VRFC 10-2263] Analyzing Verilog file "C:/Users/Noman Traders/Desktop/habib/CA/RISC-V-pipelined-processor/CA Lab/CA Lab.srcs/sources_1/new/RISC_V_Processor_Pipelined.v" into library xil_defaultlib
INFO: [VRFC 10-311] analyzing module RISC_V_Processor_Pipelined
INFO: [VRFC 10-2263] Analyzing Verilog file "C:/Users/Noman Traders/Desktop/habib/CA/RISC-V-pipelined-processor/CA Lab/CA Lab.srcs/sources_1/new/control_unit.v" into library xil_defaultlib
INFO: [VRFC 10-311] analyzing module control_unit
INFO: [VRFC 10-2263] Analyzing Verilog file "C:/Users/Noman Traders/Desktop/habib/CA/RISC-V-pipelined-processor/CA Lab/CA Lab.srcs/sources_1/new/forwarding_unit.v" into library xil_defaultlib
INFO: [VRFC 10-311] analyzing module forwarding_unit
INFO: [VRFC 10-2263] Analyzing Verilog file "C:/Users/Noman Traders/Desktop/habib/CA/RISC-V-pipelined-processor/CA Lab/CA Lab.srcs/sources_1/new/immediate_data_extractor.v" into library xil_defaultlib
INFO: [VRFC 10-311] analyzing module immediate_data_extractor
INFO: [VRFC 10-2263] Analyzing Verilog file "C:/Users/Noman Traders/Desktop/habib/CA/RISC-V-pipelined-processor/CA Lab/CA Lab.srcs/sources_1/new/instruction_parser.v" into library xil_defaultlib
INFO: [VRFC 10-311] analyzing module instruction_parser
INFO: [VRFC 10-2263] Analyzing Verilog file "C:/Users/Noman Traders/Desktop/habib/CA/RISC-V-pipelined-processor/CA Lab/CA Lab.srcs/sources_1/new/mux.v" into library xil_defaultlib
INFO: [VRFC 10-311] analyzing module mux
INFO: [VRFC 10-2263] Analyzing Verilog file "C:/Users/Noman Traders/Desktop/habib/CA/RISC-V-pipelined-processor/CA Lab/CA Lab.srcs/sources_1/new/mux_3to1.v" into library xil_defaultlib
INFO: [VRFC 10-311] analyzing module mux_3to1
INFO: [VRFC 10-2263] Analyzing Verilog file "C:/Users/Noman Traders/Desktop/habib/CA/RISC-V-pipelined-processor/CA Lab/CA Lab.srcs/sources_1/new/registerFile.v" into library xil_defaultlib
INFO: [VRFC 10-311] analyzing module registerFile
INFO: [VRFC 10-2263] Analyzing Verilog file "C:/Users/Noman Traders/Desktop/habib/CA/RISC-V-pipelined-processor/CA Lab/CA Lab.srcs/sim_1/new/forwarding_tb.v" into library xil_defaultlib
INFO: [VRFC 10-311] analyzing module forwarding_tb
