INFO: [VRFC 10-2263] Analyzing Verilog file "C:/Users/Noman Traders/Desktop/habib/CA/RISC-V-pipelined-processor/CA Lab/CA Lab.srcs/sources_1/new/ALU_64_bit.v" into library xil_defaultlib
INFO: [VRFC 10-311] analyzing module ALU_64_bit
INFO: [VRFC 10-2458] undeclared symbol LessThan, assumed default net type wire [C:/Users/Noman Traders/Desktop/habib/CA/RISC-V-pipelined-processor/CA Lab/CA Lab.srcs/sources_1/new/ALU_64_bit.v:26]
INFO: [VRFC 10-2263] Analyzing Verilog file "C:/Users/Noman Traders/Desktop/habib/CA/RISC-V-pipelined-processor/CA Lab/CA Lab.srcs/sources_1/new/ALU_control.v" into library xil_defaultlib
INFO: [VRFC 10-311] analyzing module ALU_control
INFO: [VRFC 10-2263] Analyzing Verilog file "C:/Users/Noman Traders/Desktop/habib/CA/RISC-V-pipelined-processor/CA Lab/CA Lab.srcs/sources_1/new/Adder.v" into library xil_defaultlib
INFO: [VRFC 10-311] analyzing module Adder
INFO: [VRFC 10-2263] Analyzing Verilog file "C:/Users/Noman Traders/Desktop/habib/CA/RISC-V-pipelined-processor/CA Lab/CA Lab.srcs/sources_1/new/Data_Memory.v" into library xil_defaultlib
INFO: [VRFC 10-311] analyzing module Data_Memory
INFO: [VRFC 10-2263] Analyzing Verilog file "C:/Users/Noman Traders/Desktop/habib/CA/RISC-V-pipelined-processor/CA Lab/CA Lab.srcs/sources_1/new/Instruction_Memory.v" into library xil_defaultlib
INFO: [VRFC 10-311] analyzing module Instruction_Memory
INFO: [VRFC 10-2263] Analyzing Verilog file "C:/Users/Noman Traders/Desktop/habib/CA/RISC-V-pipelined-processor/CA Lab/CA Lab.srcs/sources_1/new/Program_counter.v" into library xil_defaultlib
INFO: [VRFC 10-311] analyzing module Program_Counter
INFO: [VRFC 10-2263] Analyzing Verilog file "C:/Users/Noman Traders/Desktop/habib/CA/RISC-V-pipelined-processor/CA Lab/CA Lab.srcs/sources_1/new/RISC_V_Processor.v" into library xil_defaultlib
INFO: [VRFC 10-311] analyzing module RISC_V_Processor
INFO: [VRFC 10-2263] Analyzing Verilog file "C:/Users/Noman Traders/Desktop/habib/CA/RISC-V-pipelined-processor/CA Lab/CA Lab.srcs/sources_1/new/control_unit.v" into library xil_defaultlib
INFO: [VRFC 10-311] analyzing module control_unit
INFO: [VRFC 10-2263] Analyzing Verilog file "C:/Users/Noman Traders/Desktop/habib/CA/RISC-V-pipelined-processor/CA Lab/CA Lab.srcs/sources_1/new/immediate_data_extractor.v" into library xil_defaultlib
INFO: [VRFC 10-311] analyzing module immediate_data_extractor
INFO: [VRFC 10-2263] Analyzing Verilog file "C:/Users/Noman Traders/Desktop/habib/CA/RISC-V-pipelined-processor/CA Lab/CA Lab.srcs/sources_1/new/instruction_parser.v" into library xil_defaultlib
INFO: [VRFC 10-311] analyzing module instruction_parser
INFO: [VRFC 10-2263] Analyzing Verilog file "C:/Users/Noman Traders/Desktop/habib/CA/RISC-V-pipelined-processor/CA Lab/CA Lab.srcs/sources_1/new/mux.v" into library xil_defaultlib
INFO: [VRFC 10-311] analyzing module mux
INFO: [VRFC 10-2263] Analyzing Verilog file "C:/Users/Noman Traders/Desktop/habib/CA/RISC-V-pipelined-processor/CA Lab/CA Lab.srcs/sources_1/new/registerFile.v" into library xil_defaultlib
INFO: [VRFC 10-311] analyzing module registerFile
INFO: [VRFC 10-2263] Analyzing Verilog file "C:/Users/Noman Traders/Desktop/habib/CA/RISC-V-pipelined-processor/CA Lab/CA Lab.srcs/sim_1/new/RISC_V_tb.v" into library xil_defaultlib
INFO: [VRFC 10-311] analyzing module RISC_V_tb
